Using pre-set license
Built from '2020.3/release' branch; Version is '2020.3.1f1 (77a89f25062f) revision 7841951'; Using compiler version '192528614'; Build Type 'Release'
OS: 'Windows 10 Pro Education; OS build 19042.1165; Version 2009; 64bit' Language: 'es' Physical Memory: 16296 MB
BatchMode: 1, IsHumanControllingUs: 0, StartBugReporterOnCrash: 0, Is64bit: 1, IsPro: 0

 COMMAND LINE ARGUMENTS:
C:\Program Files\Unity\Hub\Editor\2020.3.1f1\Editor\Unity.exe
-adb2
-batchMode
-noUpm
-name
AssetImportWorker0
-projectPath
D:/animacion 2 curso/desarrollo (programacion)/PR01-DEIM/tarea 1
-logFile
Logs/AssetImportWorker0.log
-srvPort
49924
Successfully changed project path to: D:/animacion 2 curso/desarrollo (programacion)/PR01-DEIM/tarea 1
D:/animacion 2 curso/desarrollo (programacion)/PR01-DEIM/tarea 1
Using Asset Import Pipeline V2.
Refreshing native plugins compatible for Editor in 19.88 ms, found 0 plugins.
Preloading 0 native plugins for Editor in 0.00 ms.
Initialize engine version: 2020.3.1f1 (77a89f25062f)
[Subsystems] Discovering subsystems at path C:/Program Files/Unity/Hub/Editor/2020.3.1f1/Editor/Data/Resources/UnitySubsystems
[Subsystems] Discovering subsystems at path D:/animacion 2 curso/desarrollo (programacion)/PR01-DEIM/tarea 1/Assets
GfxDevice: creating device client; threaded=0
Direct3D:
    Version:  Direct3D 11.0 [level 11.1]
    Renderer: NVIDIA GeForce GTX 1660 SUPER (ID=0x21c4)
    Vendor:   
    VRAM:     5991 MB
    Driver:   27.21.14.5730
Initialize mono
Mono path[0] = 'C:/Program Files/Unity/Hub/Editor/2020.3.1f1/Editor/Data/Managed'
Mono path[1] = 'C:/Program Files/Unity/Hub/Editor/2020.3.1f1/Editor/Data/MonoBleedingEdge/lib/mono/unityjit'
Mono config path = 'C:/Program Files/Unity/Hub/Editor/2020.3.1f1/Editor/Data/MonoBleedingEdge/etc'
Using monoOptions --debugger-agent=transport=dt_socket,embedding=1,server=y,suspend=n,address=127.0.0.1:56364
Begin MonoManager ReloadAssembly
Registering precompiled unity dll's ...
Register platform support module: C:/Program Files/Unity/Hub/Editor/2020.3.1f1/Editor/Data/PlaybackEngines/WindowsStandaloneSupport/UnityEditor.WindowsStandalone.Extensions.dll
Registered in 0.001460 seconds.
Native extension for WindowsStandalone target not found
Refreshing native plugins compatible for Editor in 19.50 ms, found 0 plugins.
Preloading 0 native plugins for Editor in 0.00 ms.
Invoked RoslynAnalysisRunner static constructor.
RoslynAnalysisRunner will not be running.
RoslynAnalysisRunner has terminated.
Mono: successfully reloaded assembly
- Completed reload, in  1.730 seconds
Platform modules already initialized, skipping
Registering precompiled user dll's ...
Registered in 0.000475 seconds.
Begin MonoManager ReloadAssembly
Native extension for WindowsStandalone target not found
Refreshing native plugins compatible for Editor in 0.19 ms, found 0 plugins.
Preloading 0 native plugins for Editor in 0.00 ms.
Invoked RoslynAnalysisRunner static constructor.
RoslynAnalysisRunner will not be running.
RoslynAnalysisRunner has terminated.
Mono: successfully reloaded assembly
- Completed reload, in  0.714 seconds
Platform modules already initialized, skipping
========================================================================
Worker process is ready to serve import requests
Launched and connected shader compiler UnityShaderCompiler.exe after 0.03 seconds
Refreshing native plugins compatible for Editor in 0.18 ms, found 0 plugins.
Preloading 0 native plugins for Editor in 0.00 ms.
Unloading 1114 Unused Serialized files (Serialized files now loaded: 0)
System memory in use before: 57.0 MB.
System memory in use after: 57.0 MB.

Unloading 10 unused Assets to reduce memory usage. Loaded Objects now: 1556.
Total: 1.503700 ms (FindLiveObjects: 0.125500 ms CreateObjectMapping: 0.033100 ms MarkObjects: 1.284900 ms  DeleteObjects: 0.059300 ms)

========================================================================
Received Import Request.
  path: Assets/Scenes/SampleScene.unity
  artifactKey: Guid(9fc0d4010bbf28b4594072e72b8655ab) Importer(815301076,1909f56bfc062723c751e8b465ee728b)
Start importing Assets/Scenes/SampleScene.unity using Guid(9fc0d4010bbf28b4594072e72b8655ab) Importer(815301076,1909f56bfc062723c751e8b465ee728b)  -> (artifact id: 'cddaa5e3f2db213b2c72b4043c2098b9') in 0.013412 seconds
  Import took 0.015003 seconds .

========================================================================
Received Import Request.
  Time since last request: 3.528975 seconds.
  path: Assets/scripts/NewBehaviourScript.cs
  artifactKey: Guid(c25610412cc339449a4279359ffe3778) Importer(815301076,1909f56bfc062723c751e8b465ee728b)
Start importing Assets/scripts/NewBehaviourScript.cs using Guid(c25610412cc339449a4279359ffe3778) Importer(815301076,1909f56bfc062723c751e8b465ee728b)  -> (artifact id: 'd7113bff2c7815e069dc6caffa25c94b') in 0.025855 seconds
  Import took 0.027554 seconds .

========================================================================
Received Import Request.
  Time since last request: 0.098331 seconds.
  path: Assets/scripts/NewBehaviourScript.cs
  artifactKey: Guid(c25610412cc339449a4279359ffe3778) Importer(815301076,1909f56bfc062723c751e8b465ee728b)
Start importing Assets/scripts/NewBehaviourScript.cs using Guid(c25610412cc339449a4279359ffe3778) Importer(815301076,1909f56bfc062723c751e8b465ee728b)  -> (artifact id: 'd7113bff2c7815e069dc6caffa25c94b') in 0.003177 seconds
  Import took 0.004826 seconds .

========================================================================
Received Import Request.
  Time since last request: 188.187073 seconds.
  path: Assets/scripts/NewBehaviourScript.cs
  artifactKey: Guid(c25610412cc339449a4279359ffe3778) Importer(815301076,1909f56bfc062723c751e8b465ee728b)
Start importing Assets/scripts/NewBehaviourScript.cs using Guid(c25610412cc339449a4279359ffe3778) Importer(815301076,1909f56bfc062723c751e8b465ee728b)  -> (artifact id: '7d981a021acb7ac092ce11910418edc3') in 0.006045 seconds
  Import took 0.008324 seconds .

========================================================================
Received Prepare
Registering precompiled user dll's ...
Registered in 0.000477 seconds.
Begin MonoManager ReloadAssembly
Native extension for WindowsStandalone target not found
Refreshing native plugins compatible for Editor in 0.19 ms, found 0 plugins.
Preloading 0 native plugins for Editor in 0.00 ms.
Invoked RoslynAnalysisRunner static constructor.
RoslynAnalysisRunner will not be running.
RoslynAnalysisRunner has terminated.
Mono: successfully reloaded assembly
- Completed reload, in  0.674 seconds
Platform modules already initialized, skipping
Refreshing native plugins compatible for Editor in 0.20 ms, found 0 plugins.
Preloading 0 native plugins for Editor in 0.00 ms.
Unloading 1109 Unused Serialized files (Serialized files now loaded: 0)
System memory in use before: 56.9 MB.
System memory in use after: 57.0 MB.

Unloading 5 unused Assets to reduce memory usage. Loaded Objects now: 1559.
Total: 1.390300 ms (FindLiveObjects: 0.127900 ms CreateObjectMapping: 0.028900 ms MarkObjects: 1.191700 ms  DeleteObjects: 0.040900 ms)

========================================================================
Received Import Request.
  Time since last request: 183.139790 seconds.
  path: Assets/scripts/NewBehaviourScript.cs
  artifactKey: Guid(c25610412cc339449a4279359ffe3778) Importer(815301076,1909f56bfc062723c751e8b465ee728b)
Start importing Assets/scripts/NewBehaviourScript.cs using Guid(c25610412cc339449a4279359ffe3778) Importer(815301076,1909f56bfc062723c751e8b465ee728b)  -> (artifact id: '748b581a6bf9f8e74bb4203a7ab5d327') in 0.007348 seconds
  Import took 0.008984 seconds .

========================================================================
Received Import Request.
  Time since last request: 1.309722 seconds.
  path: Assets/scripts/NewBehaviourScript.cs
  artifactKey: Guid(c25610412cc339449a4279359ffe3778) Importer(815301076,1909f56bfc062723c751e8b465ee728b)
Start importing Assets/scripts/NewBehaviourScript.cs using Guid(c25610412cc339449a4279359ffe3778) Importer(815301076,1909f56bfc062723c751e8b465ee728b)  -> (artifact id: '748b581a6bf9f8e74bb4203a7ab5d327') in 0.005241 seconds
  Import took 0.006992 seconds .

========================================================================
Received Prepare
Registering precompiled user dll's ...
Registered in 0.000543 seconds.
Begin MonoManager ReloadAssembly
Native extension for WindowsStandalone target not found
Refreshing native plugins compatible for Editor in 0.20 ms, found 0 plugins.
Preloading 0 native plugins for Editor in 0.00 ms.
Invoked RoslynAnalysisRunner static constructor.
RoslynAnalysisRunner will not be running.
RoslynAnalysisRunner has terminated.
Mono: successfully reloaded assembly
- Completed reload, in  0.729 seconds
Platform modules already initialized, skipping
Refreshing native plugins compatible for Editor in 0.20 ms, found 0 plugins.
Preloading 0 native plugins for Editor in 0.00 ms.
Unloading 1109 Unused Serialized files (Serialized files now loaded: 0)
System memory in use before: 57.0 MB.
System memory in use after: 57.0 MB.

Unloading 5 unused Assets to reduce memory usage. Loaded Objects now: 1562.
Total: 1.424600 ms (FindLiveObjects: 0.142200 ms CreateObjectMapping: 0.037600 ms MarkObjects: 1.204100 ms  DeleteObjects: 0.039900 ms)

========================================================================
Received Import Request.
  Time since last request: 3700.310052 seconds.
  path: Assets/scripts/NewBehaviourScript.cs
  artifactKey: Guid(c25610412cc339449a4279359ffe3778) Importer(815301076,1909f56bfc062723c751e8b465ee728b)
Start importing Assets/scripts/NewBehaviourScript.cs using Guid(c25610412cc339449a4279359ffe3778) Importer(815301076,1909f56bfc062723c751e8b465ee728b)  -> (artifact id: 'c3183ab8e23456491b5b777d9f1acc38') in 0.005639 seconds
  Import took 0.007335 seconds .

========================================================================
Received Prepare
Registering precompiled user dll's ...
Registered in 0.000473 seconds.
Begin MonoManager ReloadAssembly
Native extension for WindowsStandalone target not found
Refreshing native plugins compatible for Editor in 0.20 ms, found 0 plugins.
Preloading 0 native plugins for Editor in 0.00 ms.
Invoked RoslynAnalysisRunner static constructor.
RoslynAnalysisRunner will not be running.
RoslynAnalysisRunner has terminated.
Mono: successfully reloaded assembly
- Completed reload, in  0.677 seconds
Platform modules already initialized, skipping
Refreshing native plugins compatible for Editor in 0.17 ms, found 0 plugins.
Preloading 0 native plugins for Editor in 0.00 ms.
Unloading 1109 Unused Serialized files (Serialized files now loaded: 0)
System memory in use before: 57.0 MB.
System memory in use after: 57.0 MB.

Unloading 5 unused Assets to reduce memory usage. Loaded Objects now: 1565.
Total: 1.393500 ms (FindLiveObjects: 0.120200 ms CreateObjectMapping: 0.030200 ms MarkObjects: 1.179000 ms  DeleteObjects: 0.063400 ms)

========================================================================
Received Import Request.
  Time since last request: 389.778165 seconds.
  path: Assets/scripts/NewBehaviourScript.cs
  artifactKey: Guid(c25610412cc339449a4279359ffe3778) Importer(815301076,1909f56bfc062723c751e8b465ee728b)
Start importing Assets/scripts/NewBehaviourScript.cs using Guid(c25610412cc339449a4279359ffe3778) Importer(815301076,1909f56bfc062723c751e8b465ee728b)  -> (artifact id: '2abd0f9520313b969e472f6d4a17c601') in 0.006190 seconds
  Import took 0.007678 seconds .

========================================================================
Received Prepare
Registering precompiled user dll's ...
Registered in 0.000492 seconds.
Begin MonoManager ReloadAssembly
Native extension for WindowsStandalone target not found
Refreshing native plugins compatible for Editor in 0.19 ms, found 0 plugins.
Preloading 0 native plugins for Editor in 0.00 ms.
Invoked RoslynAnalysisRunner static constructor.
RoslynAnalysisRunner will not be running.
RoslynAnalysisRunner has terminated.
Mono: successfully reloaded assembly
- Completed reload, in  0.673 seconds
Platform modules already initialized, skipping
Refreshing native plugins compatible for Editor in 0.18 ms, found 0 plugins.
Preloading 0 native plugins for Editor in 0.00 ms.
Unloading 1109 Unused Serialized files (Serialized files now loaded: 0)
System memory in use before: 57.0 MB.
System memory in use after: 57.1 MB.

Unloading 5 unused Assets to reduce memory usage. Loaded Objects now: 1568.
Total: 1.371400 ms (FindLiveObjects: 0.107000 ms CreateObjectMapping: 0.028100 ms MarkObjects: 1.202500 ms  DeleteObjects: 0.033000 ms)

========================================================================
Received Import Request.
  Time since last request: 49.754726 seconds.
  path: Assets/scripts/NewBehaviourScript.cs
  artifactKey: Guid(c25610412cc339449a4279359ffe3778) Importer(815301076,1909f56bfc062723c751e8b465ee728b)
Start importing Assets/scripts/NewBehaviourScript.cs using Guid(c25610412cc339449a4279359ffe3778) Importer(815301076,1909f56bfc062723c751e8b465ee728b)  -> (artifact id: 'a0d10dd6e9e4e462e8becfb868f33099') in 0.006504 seconds
  Import took 0.008007 seconds .

========================================================================
Received Prepare
Registering precompiled user dll's ...
Registered in 0.000476 seconds.
Begin MonoManager ReloadAssembly
Native extension for WindowsStandalone target not found
Refreshing native plugins compatible for Editor in 0.19 ms, found 0 plugins.
Preloading 0 native plugins for Editor in 0.00 ms.
Invoked RoslynAnalysisRunner static constructor.
RoslynAnalysisRunner will not be running.
RoslynAnalysisRunner has terminated.
Mono: successfully reloaded assembly
- Completed reload, in  0.666 seconds
Platform modules already initialized, skipping
Refreshing native plugins compatible for Editor in 0.18 ms, found 0 plugins.
Preloading 0 native plugins for Editor in 0.00 ms.
Unloading 1109 Unused Serialized files (Serialized files now loaded: 0)
System memory in use before: 57.0 MB.
System memory in use after: 57.1 MB.

Unloading 5 unused Assets to reduce memory usage. Loaded Objects now: 1571.
Total: 1.491100 ms (FindLiveObjects: 0.190000 ms CreateObjectMapping: 0.028000 ms MarkObjects: 1.237000 ms  DeleteObjects: 0.035500 ms)

========================================================================
Received Import Request.
  Time since last request: 249.686302 seconds.
  path: Assets/scripts/NewBehaviourScript.cs
  artifactKey: Guid(c25610412cc339449a4279359ffe3778) Importer(815301076,1909f56bfc062723c751e8b465ee728b)
Start importing Assets/scripts/NewBehaviourScript.cs using Guid(c25610412cc339449a4279359ffe3778) Importer(815301076,1909f56bfc062723c751e8b465ee728b)  -> (artifact id: 'd80ea5ae498d54c80bb32e0a537d1487') in 0.004753 seconds
  Import took 0.006278 seconds .

========================================================================
Received Prepare
Registering precompiled user dll's ...
Registered in 0.000536 seconds.
Begin MonoManager ReloadAssembly
Native extension for WindowsStandalone target not found
Refreshing native plugins compatible for Editor in 0.18 ms, found 0 plugins.
Preloading 0 native plugins for Editor in 0.00 ms.
Invoked RoslynAnalysisRunner static constructor.
RoslynAnalysisRunner will not be running.
RoslynAnalysisRunner has terminated.
Mono: successfully reloaded assembly
- Completed reload, in  0.664 seconds
Platform modules already initialized, skipping
Refreshing native plugins compatible for Editor in 0.18 ms, found 0 plugins.
Preloading 0 native plugins for Editor in 0.00 ms.
Unloading 1109 Unused Serialized files (Serialized files now loaded: 0)
System memory in use before: 57.0 MB.
System memory in use after: 57.1 MB.

Unloading 5 unused Assets to reduce memory usage. Loaded Objects now: 1574.
Total: 1.361400 ms (FindLiveObjects: 0.117100 ms CreateObjectMapping: 0.026800 ms MarkObjects: 1.179100 ms  DeleteObjects: 0.037500 ms)

========================================================================
Received Import Request.
  Time since last request: 1388.310767 seconds.
  path: Assets/scripts/NewBehaviourScript.cs
  artifactKey: Guid(c25610412cc339449a4279359ffe3778) Importer(815301076,1909f56bfc062723c751e8b465ee728b)
Start importing Assets/scripts/NewBehaviourScript.cs using Guid(c25610412cc339449a4279359ffe3778) Importer(815301076,1909f56bfc062723c751e8b465ee728b)  -> (artifact id: 'bb16c6f56b18934c93b227d80359be57') in 0.006226 seconds
  Import took 0.007733 seconds .

========================================================================
Received Import Request.
  Time since last request: 22.273388 seconds.
  path: Assets/scripts/NewBehaviourScript.cs
  artifactKey: Guid(c25610412cc339449a4279359ffe3778) Importer(815301076,1909f56bfc062723c751e8b465ee728b)
Start importing Assets/scripts/NewBehaviourScript.cs using Guid(c25610412cc339449a4279359ffe3778) Importer(815301076,1909f56bfc062723c751e8b465ee728b)  -> (artifact id: 'cff6dc39b586bcd0c58acc618583b1ae') in 0.004232 seconds
  Import took 0.005977 seconds .

========================================================================
Received Import Request.
  Time since last request: 30.036899 seconds.
  path: Assets/scripts/NewBehaviourScript.cs
  artifactKey: Guid(c25610412cc339449a4279359ffe3778) Importer(815301076,1909f56bfc062723c751e8b465ee728b)
Start importing Assets/scripts/NewBehaviourScript.cs using Guid(c25610412cc339449a4279359ffe3778) Importer(815301076,1909f56bfc062723c751e8b465ee728b)  -> (artifact id: '0c9afd649724dd6c2c1f08b88e9698b2') in 0.002732 seconds
  Import took 0.004488 seconds .

========================================================================
Received Prepare
Registering precompiled user dll's ...
Registered in 0.000431 seconds.
Begin MonoManager ReloadAssembly
Native extension for WindowsStandalone target not found
Refreshing native plugins compatible for Editor in 0.19 ms, found 0 plugins.
Preloading 0 native plugins for Editor in 0.00 ms.
Invoked RoslynAnalysisRunner static constructor.
RoslynAnalysisRunner will not be running.
RoslynAnalysisRunner has terminated.
Mono: successfully reloaded assembly
- Completed reload, in  0.671 seconds
Platform modules already initialized, skipping
Refreshing native plugins compatible for Editor in 0.18 ms, found 0 plugins.
Preloading 0 native plugins for Editor in 0.00 ms.
Unloading 1109 Unused Serialized files (Serialized files now loaded: 0)
System memory in use before: 57.0 MB.
System memory in use after: 57.1 MB.

Unloading 5 unused Assets to reduce memory usage. Loaded Objects now: 1577.
Total: 1.391000 ms (FindLiveObjects: 0.121200 ms CreateObjectMapping: 0.032200 ms MarkObjects: 1.199900 ms  DeleteObjects: 0.036900 ms)

========================================================================
Received Import Request.
  Time since last request: 60.767422 seconds.
  path: Assets/scripts/NewBehaviourScript.cs
  artifactKey: Guid(c25610412cc339449a4279359ffe3778) Importer(815301076,1909f56bfc062723c751e8b465ee728b)
Start importing Assets/scripts/NewBehaviourScript.cs using Guid(c25610412cc339449a4279359ffe3778) Importer(815301076,1909f56bfc062723c751e8b465ee728b)  -> (artifact id: '98588a32d228143642a659855b8e211e') in 0.004498 seconds
  Import took 0.006068 seconds .

========================================================================
Received Import Request.
  Time since last request: 1.113307 seconds.
  path: Assets/scripts/NewBehaviourScript.cs
  artifactKey: Guid(c25610412cc339449a4279359ffe3778) Importer(815301076,1909f56bfc062723c751e8b465ee728b)
Start importing Assets/scripts/NewBehaviourScript.cs using Guid(c25610412cc339449a4279359ffe3778) Importer(815301076,1909f56bfc062723c751e8b465ee728b)  -> (artifact id: '98588a32d228143642a659855b8e211e') in 0.003309 seconds
  Import took 0.004934 seconds .

========================================================================
Received Prepare
Registering precompiled user dll's ...
Registered in 0.000572 seconds.
Begin MonoManager ReloadAssembly
Native extension for WindowsStandalone target not found
Refreshing native plugins compatible for Editor in 0.19 ms, found 0 plugins.
Preloading 0 native plugins for Editor in 0.00 ms.
Invoked RoslynAnalysisRunner static constructor.
RoslynAnalysisRunner will not be running.
RoslynAnalysisRunner has terminated.
Mono: successfully reloaded assembly
- Completed reload, in  0.662 seconds
Platform modules already initialized, skipping
Refreshing native plugins compatible for Editor in 0.18 ms, found 0 plugins.
Preloading 0 native plugins for Editor in 0.00 ms.
Unloading 1109 Unused Serialized files (Serialized files now loaded: 0)
System memory in use before: 57.0 MB.
System memory in use after: 57.1 MB.

Unloading 5 unused Assets to reduce memory usage. Loaded Objects now: 1580.
Total: 1.380800 ms (FindLiveObjects: 0.120500 ms CreateObjectMapping: 0.042100 ms MarkObjects: 1.184000 ms  DeleteObjects: 0.033400 ms)

AssetImportWorkerClient::OnTransportError - code=2 error=End of file
